0 info it worked if it ends with ok
1 verbose cli [ 'C:\\Program Files\\nodejs\\node.exe',
1 verbose cli   'C:\\Users\\Alex\\AppData\\Roaming\\npm\\node_modules\\npm\\bin\\npm-cli.js',
1 verbose cli   'prune' ]
2 info using npm@4.0.2
3 info using node@v6.7.0
4 warn package.json 304cem-assignment@1.0.0 No repository field.
5 verbose unbuild node_modules\asap
6 verbose unbuild node_modules\bcryptjs
7 verbose unbuild node_modules\boolbase
8 verbose unbuild node_modules\cheerio
9 verbose unbuild node_modules\css-select
10 verbose unbuild node_modules\css-what
11 verbose unbuild node_modules\domelementtype
12 verbose unbuild node_modules\domhandler
13 verbose unbuild node_modules\domutils
14 verbose unbuild node_modules\ejs
15 verbose unbuild node_modules\entities
16 verbose unbuild node_modules\flow
17 verbose unbuild node_modules\html
18 verbose unbuild node_modules\htmlparser2
19 verbose unbuild node_modules\http-basic
20 verbose unbuild node_modules\http-response-object
21 verbose unbuild node_modules\lodash.assignin
22 verbose unbuild node_modules\lodash.defaults
23 verbose unbuild node_modules\lodash.filter
24 verbose unbuild node_modules\lodash.bind
25 verbose unbuild node_modules\lodash.flatten
26 verbose unbuild node_modules\lodash.foreach
27 verbose unbuild node_modules\lodash.reject
28 verbose unbuild node_modules\lodash.reduce
29 verbose unbuild node_modules\lodash.pick
30 verbose unbuild node_modules\lodash.some
31 verbose unbuild node_modules\lodash.merge
32 verbose unbuild node_modules\node
33 verbose unbuild node_modules\nth-check
34 verbose unbuild node_modules\promise
35 verbose unbuild node_modules\readline-sync
36 verbose unbuild node_modules\sync-request
37 verbose unbuild node_modules\then-request
38 verbose unbuild node_modules\uuid
39 verbose unbuild node_modules\dom-serializer
40 verbose unbuild node_modules\git
41 verbose unbuild node_modules\node-persist
42 info lifecycle asap@2.0.5~preuninstall: asap@2.0.5
43 info lifecycle bcryptjs@2.3.0~preuninstall: bcryptjs@2.3.0
44 info lifecycle boolbase@1.0.0~preuninstall: boolbase@1.0.0
45 info lifecycle cheerio@0.22.0~preuninstall: cheerio@0.22.0
46 info lifecycle css-what@2.1.0~preuninstall: css-what@2.1.0
47 info lifecycle css-select@1.2.0~preuninstall: css-select@1.2.0
48 info lifecycle domutils@1.5.1~preuninstall: domutils@1.5.1
49 info lifecycle ejs@2.5.2~preuninstall: ejs@2.5.2
50 info lifecycle domelementtype@1.3.0~preuninstall: domelementtype@1.3.0
51 info lifecycle domhandler@2.3.0~preuninstall: domhandler@2.3.0
52 info lifecycle flow@0.2.3~preuninstall: flow@0.2.3
53 info lifecycle entities@1.1.1~preuninstall: entities@1.1.1
54 info lifecycle htmlparser2@3.9.2~preuninstall: htmlparser2@3.9.2
55 info lifecycle lodash.assignin@4.2.0~preuninstall: lodash.assignin@4.2.0
56 info lifecycle http-response-object@1.1.0~preuninstall: http-response-object@1.1.0
57 info lifecycle lodash.defaults@4.2.0~preuninstall: lodash.defaults@4.2.0
58 info lifecycle lodash.filter@4.6.0~preuninstall: lodash.filter@4.6.0
59 info lifecycle lodash.flatten@4.4.0~preuninstall: lodash.flatten@4.4.0
60 info lifecycle http-basic@2.5.1~preuninstall: http-basic@2.5.1
61 info lifecycle lodash.bind@4.2.1~preuninstall: lodash.bind@4.2.1
62 info lifecycle lodash.foreach@4.5.0~preuninstall: lodash.foreach@4.5.0
63 info lifecycle lodash.reject@4.6.0~preuninstall: lodash.reject@4.6.0
64 info lifecycle lodash.pick@4.4.0~preuninstall: lodash.pick@4.4.0
65 info lifecycle lodash.reduce@4.6.0~preuninstall: lodash.reduce@4.6.0
66 info lifecycle lodash.some@4.6.0~preuninstall: lodash.some@4.6.0
67 info lifecycle node@0.0.0~preuninstall: node@0.0.0
68 info lifecycle nth-check@1.0.1~preuninstall: nth-check@1.0.1
69 info lifecycle promise@7.1.1~preuninstall: promise@7.1.1
70 info lifecycle lodash.merge@4.6.0~preuninstall: lodash.merge@4.6.0
71 info lifecycle then-request@2.2.0~preuninstall: then-request@2.2.0
72 info lifecycle readline-sync@1.4.5~preuninstall: readline-sync@1.4.5
73 info lifecycle sync-request@3.0.1~preuninstall: sync-request@3.0.1
74 silly lifecycle asap@2.0.5~preuninstall: no script for preuninstall, continuing
75 info lifecycle dom-serializer@0.1.0~preuninstall: dom-serializer@0.1.0
76 silly lifecycle bcryptjs@2.3.0~preuninstall: no script for preuninstall, continuing
77 silly lifecycle boolbase@1.0.0~preuninstall: no script for preuninstall, continuing
78 silly lifecycle cheerio@0.22.0~preuninstall: no script for preuninstall, continuing
79 silly lifecycle css-what@2.1.0~preuninstall: no script for preuninstall, continuing
80 silly lifecycle css-select@1.2.0~preuninstall: no script for preuninstall, continuing
81 silly lifecycle domutils@1.5.1~preuninstall: no script for preuninstall, continuing
82 silly lifecycle ejs@2.5.2~preuninstall: no script for preuninstall, continuing
83 silly lifecycle domelementtype@1.3.0~preuninstall: no script for preuninstall, continuing
84 silly lifecycle domhandler@2.3.0~preuninstall: no script for preuninstall, continuing
85 silly lifecycle flow@0.2.3~preuninstall: no script for preuninstall, continuing
86 silly lifecycle entities@1.1.1~preuninstall: no script for preuninstall, continuing
87 info lifecycle html@1.0.0~preuninstall: html@1.0.0
88 silly lifecycle htmlparser2@3.9.2~preuninstall: no script for preuninstall, continuing
89 silly lifecycle lodash.assignin@4.2.0~preuninstall: no script for preuninstall, continuing
90 silly lifecycle http-response-object@1.1.0~preuninstall: no script for preuninstall, continuing
91 silly lifecycle lodash.defaults@4.2.0~preuninstall: no script for preuninstall, continuing
92 silly lifecycle lodash.filter@4.6.0~preuninstall: no script for preuninstall, continuing
93 silly lifecycle lodash.flatten@4.4.0~preuninstall: no script for preuninstall, continuing
94 silly lifecycle http-basic@2.5.1~preuninstall: no script for preuninstall, continuing
95 silly lifecycle lodash.bind@4.2.1~preuninstall: no script for preuninstall, continuing
96 info lifecycle git@0.1.5~preuninstall: git@0.1.5
97 silly lifecycle lodash.foreach@4.5.0~preuninstall: no script for preuninstall, continuing
98 silly lifecycle lodash.reject@4.6.0~preuninstall: no script for preuninstall, continuing
99 silly lifecycle lodash.pick@4.4.0~preuninstall: no script for preuninstall, continuing
100 silly lifecycle lodash.reduce@4.6.0~preuninstall: no script for preuninstall, continuing
101 silly lifecycle lodash.some@4.6.0~preuninstall: no script for preuninstall, continuing
102 info lifecycle node-persist@2.0.7~preuninstall: node-persist@2.0.7
103 silly lifecycle node@0.0.0~preuninstall: no script for preuninstall, continuing
104 silly lifecycle nth-check@1.0.1~preuninstall: no script for preuninstall, continuing
105 silly lifecycle promise@7.1.1~preuninstall: no script for preuninstall, continuing
106 silly lifecycle lodash.merge@4.6.0~preuninstall: no script for preuninstall, continuing
107 silly lifecycle then-request@2.2.0~preuninstall: no script for preuninstall, continuing
108 silly lifecycle readline-sync@1.4.5~preuninstall: no script for preuninstall, continuing
109 silly lifecycle sync-request@3.0.1~preuninstall: no script for preuninstall, continuing
110 info lifecycle uuid@3.0.0~preuninstall: uuid@3.0.0
111 info lifecycle asap@2.0.5~uninstall: asap@2.0.5
112 silly lifecycle dom-serializer@0.1.0~preuninstall: no script for preuninstall, continuing
113 info lifecycle bcryptjs@2.3.0~uninstall: bcryptjs@2.3.0
114 info lifecycle boolbase@1.0.0~uninstall: boolbase@1.0.0
115 info lifecycle cheerio@0.22.0~uninstall: cheerio@0.22.0
116 info lifecycle css-what@2.1.0~uninstall: css-what@2.1.0
117 info lifecycle css-select@1.2.0~uninstall: css-select@1.2.0
118 info lifecycle domutils@1.5.1~uninstall: domutils@1.5.1
119 info lifecycle ejs@2.5.2~uninstall: ejs@2.5.2
120 info lifecycle domelementtype@1.3.0~uninstall: domelementtype@1.3.0
121 info lifecycle domhandler@2.3.0~uninstall: domhandler@2.3.0
122 info lifecycle flow@0.2.3~uninstall: flow@0.2.3
123 info lifecycle entities@1.1.1~uninstall: entities@1.1.1
124 silly lifecycle html@1.0.0~preuninstall: no script for preuninstall, continuing
125 info lifecycle htmlparser2@3.9.2~uninstall: htmlparser2@3.9.2
126 info lifecycle lodash.assignin@4.2.0~uninstall: lodash.assignin@4.2.0
127 info lifecycle http-response-object@1.1.0~uninstall: http-response-object@1.1.0
128 info lifecycle lodash.defaults@4.2.0~uninstall: lodash.defaults@4.2.0
129 info lifecycle lodash.filter@4.6.0~uninstall: lodash.filter@4.6.0
130 info lifecycle lodash.flatten@4.4.0~uninstall: lodash.flatten@4.4.0
131 info lifecycle http-basic@2.5.1~uninstall: http-basic@2.5.1
132 info lifecycle lodash.bind@4.2.1~uninstall: lodash.bind@4.2.1
133 silly lifecycle git@0.1.5~preuninstall: no script for preuninstall, continuing
134 info lifecycle lodash.foreach@4.5.0~uninstall: lodash.foreach@4.5.0
135 info lifecycle lodash.reject@4.6.0~uninstall: lodash.reject@4.6.0
136 info lifecycle lodash.pick@4.4.0~uninstall: lodash.pick@4.4.0
137 info lifecycle lodash.reduce@4.6.0~uninstall: lodash.reduce@4.6.0
138 info lifecycle lodash.some@4.6.0~uninstall: lodash.some@4.6.0
139 silly lifecycle node-persist@2.0.7~preuninstall: no script for preuninstall, continuing
140 info lifecycle node@0.0.0~uninstall: node@0.0.0
141 info lifecycle nth-check@1.0.1~uninstall: nth-check@1.0.1
142 info lifecycle promise@7.1.1~uninstall: promise@7.1.1
143 info lifecycle lodash.merge@4.6.0~uninstall: lodash.merge@4.6.0
144 info lifecycle then-request@2.2.0~uninstall: then-request@2.2.0
145 info lifecycle readline-sync@1.4.5~uninstall: readline-sync@1.4.5
146 info lifecycle sync-request@3.0.1~uninstall: sync-request@3.0.1
147 silly lifecycle uuid@3.0.0~preuninstall: no script for preuninstall, continuing
148 silly lifecycle asap@2.0.5~uninstall: no script for uninstall, continuing
149 info lifecycle dom-serializer@0.1.0~uninstall: dom-serializer@0.1.0
150 silly lifecycle bcryptjs@2.3.0~uninstall: no script for uninstall, continuing
151 silly lifecycle boolbase@1.0.0~uninstall: no script for uninstall, continuing
152 silly lifecycle cheerio@0.22.0~uninstall: no script for uninstall, continuing
153 silly lifecycle css-what@2.1.0~uninstall: no script for uninstall, continuing
154 silly lifecycle css-select@1.2.0~uninstall: no script for uninstall, continuing
155 silly lifecycle domutils@1.5.1~uninstall: no script for uninstall, continuing
156 silly lifecycle ejs@2.5.2~uninstall: no script for uninstall, continuing
157 silly lifecycle domelementtype@1.3.0~uninstall: no script for uninstall, continuing
158 silly lifecycle domhandler@2.3.0~uninstall: no script for uninstall, continuing
159 silly lifecycle flow@0.2.3~uninstall: no script for uninstall, continuing
160 silly lifecycle entities@1.1.1~uninstall: no script for uninstall, continuing
161 info lifecycle html@1.0.0~uninstall: html@1.0.0
162 silly lifecycle htmlparser2@3.9.2~uninstall: no script for uninstall, continuing
163 silly lifecycle lodash.assignin@4.2.0~uninstall: no script for uninstall, continuing
164 silly lifecycle http-response-object@1.1.0~uninstall: no script for uninstall, continuing
165 silly lifecycle lodash.defaults@4.2.0~uninstall: no script for uninstall, continuing
166 silly lifecycle lodash.filter@4.6.0~uninstall: no script for uninstall, continuing
167 silly lifecycle lodash.flatten@4.4.0~uninstall: no script for uninstall, continuing
168 silly lifecycle http-basic@2.5.1~uninstall: no script for uninstall, continuing
169 silly lifecycle lodash.bind@4.2.1~uninstall: no script for uninstall, continuing
170 info lifecycle git@0.1.5~uninstall: git@0.1.5
171 silly lifecycle lodash.foreach@4.5.0~uninstall: no script for uninstall, continuing
172 silly lifecycle lodash.reject@4.6.0~uninstall: no script for uninstall, continuing
173 silly lifecycle lodash.pick@4.4.0~uninstall: no script for uninstall, continuing
174 silly lifecycle lodash.reduce@4.6.0~uninstall: no script for uninstall, continuing
175 silly lifecycle lodash.some@4.6.0~uninstall: no script for uninstall, continuing
176 info lifecycle node-persist@2.0.7~uninstall: node-persist@2.0.7
177 silly lifecycle node@0.0.0~uninstall: no script for uninstall, continuing
178 silly lifecycle nth-check@1.0.1~uninstall: no script for uninstall, continuing
179 silly lifecycle promise@7.1.1~uninstall: no script for uninstall, continuing
180 silly lifecycle lodash.merge@4.6.0~uninstall: no script for uninstall, continuing
181 silly lifecycle then-request@2.2.0~uninstall: no script for uninstall, continuing
182 silly lifecycle readline-sync@1.4.5~uninstall: no script for uninstall, continuing
183 silly lifecycle sync-request@3.0.1~uninstall: no script for uninstall, continuing
184 info lifecycle uuid@3.0.0~uninstall: uuid@3.0.0
185 verbose unbuild rmStuff asap@2.0.5 from C:\Users\Alex\Documents\304CEM-Assignment\node_modules
186 info lifecycle asap@2.0.5~postuninstall: asap@2.0.5
187 silly lifecycle dom-serializer@0.1.0~uninstall: no script for uninstall, continuing
188 verbose unbuild rmStuff bcryptjs@2.3.0 from C:\Users\Alex\Documents\304CEM-Assignment\node_modules
189 info lifecycle bcryptjs@2.3.0~postuninstall: bcryptjs@2.3.0
190 verbose unbuild rmStuff boolbase@1.0.0 from C:\Users\Alex\Documents\304CEM-Assignment\node_modules
191 info lifecycle boolbase@1.0.0~postuninstall: boolbase@1.0.0
192 verbose unbuild rmStuff cheerio@0.22.0 from C:\Users\Alex\Documents\304CEM-Assignment\node_modules
193 info lifecycle cheerio@0.22.0~postuninstall: cheerio@0.22.0
194 verbose unbuild rmStuff css-what@2.1.0 from C:\Users\Alex\Documents\304CEM-Assignment\node_modules
195 info lifecycle css-what@2.1.0~postuninstall: css-what@2.1.0
196 verbose unbuild rmStuff css-select@1.2.0 from C:\Users\Alex\Documents\304CEM-Assignment\node_modules
197 info lifecycle css-select@1.2.0~postuninstall: css-select@1.2.0
198 verbose unbuild rmStuff domutils@1.5.1 from C:\Users\Alex\Documents\304CEM-Assignment\node_modules
199 info lifecycle domutils@1.5.1~postuninstall: domutils@1.5.1
200 verbose unbuild rmStuff ejs@2.5.2 from C:\Users\Alex\Documents\304CEM-Assignment\node_modules
201 info lifecycle ejs@2.5.2~postuninstall: ejs@2.5.2
202 verbose unbuild rmStuff domelementtype@1.3.0 from C:\Users\Alex\Documents\304CEM-Assignment\node_modules
203 info lifecycle domelementtype@1.3.0~postuninstall: domelementtype@1.3.0
204 verbose unbuild rmStuff domhandler@2.3.0 from C:\Users\Alex\Documents\304CEM-Assignment\node_modules
205 info lifecycle domhandler@2.3.0~postuninstall: domhandler@2.3.0
206 verbose unbuild rmStuff flow@0.2.3 from C:\Users\Alex\Documents\304CEM-Assignment\node_modules
207 info lifecycle flow@0.2.3~postuninstall: flow@0.2.3
208 verbose unbuild rmStuff entities@1.1.1 from C:\Users\Alex\Documents\304CEM-Assignment\node_modules
209 info lifecycle entities@1.1.1~postuninstall: entities@1.1.1
210 silly lifecycle html@1.0.0~uninstall: no script for uninstall, continuing
211 verbose unbuild rmStuff htmlparser2@3.9.2 from C:\Users\Alex\Documents\304CEM-Assignment\node_modules
212 info lifecycle htmlparser2@3.9.2~postuninstall: htmlparser2@3.9.2
213 verbose unbuild rmStuff lodash.assignin@4.2.0 from C:\Users\Alex\Documents\304CEM-Assignment\node_modules
214 info lifecycle lodash.assignin@4.2.0~postuninstall: lodash.assignin@4.2.0
215 verbose unbuild rmStuff http-response-object@1.1.0 from C:\Users\Alex\Documents\304CEM-Assignment\node_modules
216 info lifecycle http-response-object@1.1.0~postuninstall: http-response-object@1.1.0
217 verbose unbuild rmStuff lodash.defaults@4.2.0 from C:\Users\Alex\Documents\304CEM-Assignment\node_modules
218 info lifecycle lodash.defaults@4.2.0~postuninstall: lodash.defaults@4.2.0
219 verbose unbuild rmStuff lodash.filter@4.6.0 from C:\Users\Alex\Documents\304CEM-Assignment\node_modules
220 info lifecycle lodash.filter@4.6.0~postuninstall: lodash.filter@4.6.0
221 verbose unbuild rmStuff lodash.flatten@4.4.0 from C:\Users\Alex\Documents\304CEM-Assignment\node_modules
222 info lifecycle lodash.flatten@4.4.0~postuninstall: lodash.flatten@4.4.0
223 verbose unbuild rmStuff http-basic@2.5.1 from C:\Users\Alex\Documents\304CEM-Assignment\node_modules
224 info lifecycle http-basic@2.5.1~postuninstall: http-basic@2.5.1
225 verbose unbuild rmStuff lodash.bind@4.2.1 from C:\Users\Alex\Documents\304CEM-Assignment\node_modules
226 info lifecycle lodash.bind@4.2.1~postuninstall: lodash.bind@4.2.1
227 silly lifecycle git@0.1.5~uninstall: no script for uninstall, continuing
228 verbose unbuild rmStuff lodash.foreach@4.5.0 from C:\Users\Alex\Documents\304CEM-Assignment\node_modules
229 info lifecycle lodash.foreach@4.5.0~postuninstall: lodash.foreach@4.5.0
230 verbose unbuild rmStuff lodash.reject@4.6.0 from C:\Users\Alex\Documents\304CEM-Assignment\node_modules
231 info lifecycle lodash.reject@4.6.0~postuninstall: lodash.reject@4.6.0
232 verbose unbuild rmStuff lodash.pick@4.4.0 from C:\Users\Alex\Documents\304CEM-Assignment\node_modules
233 info lifecycle lodash.pick@4.4.0~postuninstall: lodash.pick@4.4.0
234 verbose unbuild rmStuff lodash.reduce@4.6.0 from C:\Users\Alex\Documents\304CEM-Assignment\node_modules
235 info lifecycle lodash.reduce@4.6.0~postuninstall: lodash.reduce@4.6.0
236 verbose unbuild rmStuff lodash.some@4.6.0 from C:\Users\Alex\Documents\304CEM-Assignment\node_modules
237 info lifecycle lodash.some@4.6.0~postuninstall: lodash.some@4.6.0
238 silly lifecycle node-persist@2.0.7~uninstall: no script for uninstall, continuing
239 verbose unbuild rmStuff node@0.0.0 from C:\Users\Alex\Documents\304CEM-Assignment\node_modules
240 info lifecycle node@0.0.0~postuninstall: node@0.0.0
241 verbose unbuild rmStuff nth-check@1.0.1 from C:\Users\Alex\Documents\304CEM-Assignment\node_modules
242 info lifecycle nth-check@1.0.1~postuninstall: nth-check@1.0.1
243 verbose unbuild rmStuff promise@7.1.1 from C:\Users\Alex\Documents\304CEM-Assignment\node_modules
244 info lifecycle promise@7.1.1~postuninstall: promise@7.1.1
245 verbose unbuild rmStuff lodash.merge@4.6.0 from C:\Users\Alex\Documents\304CEM-Assignment\node_modules
246 info lifecycle lodash.merge@4.6.0~postuninstall: lodash.merge@4.6.0
247 verbose unbuild rmStuff then-request@2.2.0 from C:\Users\Alex\Documents\304CEM-Assignment\node_modules
248 info lifecycle then-request@2.2.0~postuninstall: then-request@2.2.0
249 verbose unbuild rmStuff readline-sync@1.4.5 from C:\Users\Alex\Documents\304CEM-Assignment\node_modules
250 info lifecycle readline-sync@1.4.5~postuninstall: readline-sync@1.4.5
251 verbose unbuild rmStuff sync-request@3.0.1 from C:\Users\Alex\Documents\304CEM-Assignment\node_modules
252 info lifecycle sync-request@3.0.1~postuninstall: sync-request@3.0.1
253 silly lifecycle uuid@3.0.0~uninstall: no script for uninstall, continuing
254 silly lifecycle asap@2.0.5~postuninstall: no script for postuninstall, continuing
255 verbose unbuild rmStuff dom-serializer@0.1.0 from C:\Users\Alex\Documents\304CEM-Assignment\node_modules
256 info lifecycle dom-serializer@0.1.0~postuninstall: dom-serializer@0.1.0
257 silly lifecycle bcryptjs@2.3.0~postuninstall: no script for postuninstall, continuing
258 silly lifecycle boolbase@1.0.0~postuninstall: no script for postuninstall, continuing
259 silly lifecycle cheerio@0.22.0~postuninstall: no script for postuninstall, continuing
260 silly lifecycle css-what@2.1.0~postuninstall: no script for postuninstall, continuing
261 silly lifecycle css-select@1.2.0~postuninstall: no script for postuninstall, continuing
262 silly lifecycle domutils@1.5.1~postuninstall: no script for postuninstall, continuing
263 silly lifecycle ejs@2.5.2~postuninstall: no script for postuninstall, continuing
264 silly lifecycle domelementtype@1.3.0~postuninstall: no script for postuninstall, continuing
265 silly lifecycle domhandler@2.3.0~postuninstall: no script for postuninstall, continuing
266 silly lifecycle flow@0.2.3~postuninstall: no script for postuninstall, continuing
267 silly lifecycle entities@1.1.1~postuninstall: no script for postuninstall, continuing
268 verbose unbuild rmStuff html@1.0.0 from C:\Users\Alex\Documents\304CEM-Assignment\node_modules
269 silly gentlyRm C:\Users\Alex\Documents\304CEM-Assignment\node_modules\.bin\html.cmd is being gently removed from base C:\Users\Alex\Documents\304CEM-Assignment\node_modules\html
270 silly lifecycle htmlparser2@3.9.2~postuninstall: no script for postuninstall, continuing
271 silly lifecycle lodash.assignin@4.2.0~postuninstall: no script for postuninstall, continuing
272 silly lifecycle http-response-object@1.1.0~postuninstall: no script for postuninstall, continuing
273 silly lifecycle lodash.defaults@4.2.0~postuninstall: no script for postuninstall, continuing
274 silly lifecycle lodash.filter@4.6.0~postuninstall: no script for postuninstall, continuing
275 silly lifecycle lodash.flatten@4.4.0~postuninstall: no script for postuninstall, continuing
276 silly lifecycle http-basic@2.5.1~postuninstall: no script for postuninstall, continuing
277 silly lifecycle lodash.bind@4.2.1~postuninstall: no script for postuninstall, continuing
278 verbose unbuild rmStuff git@0.1.5 from C:\Users\Alex\Documents\304CEM-Assignment\node_modules
279 info lifecycle git@0.1.5~postuninstall: git@0.1.5
280 silly lifecycle lodash.foreach@4.5.0~postuninstall: no script for postuninstall, continuing
281 silly lifecycle lodash.reject@4.6.0~postuninstall: no script for postuninstall, continuing
282 silly lifecycle lodash.pick@4.4.0~postuninstall: no script for postuninstall, continuing
283 silly lifecycle lodash.reduce@4.6.0~postuninstall: no script for postuninstall, continuing
284 silly lifecycle lodash.some@4.6.0~postuninstall: no script for postuninstall, continuing
285 verbose unbuild rmStuff node-persist@2.0.7 from C:\Users\Alex\Documents\304CEM-Assignment\node_modules
286 info lifecycle node-persist@2.0.7~postuninstall: node-persist@2.0.7
287 silly lifecycle node@0.0.0~postuninstall: no script for postuninstall, continuing
288 silly lifecycle nth-check@1.0.1~postuninstall: no script for postuninstall, continuing
289 silly lifecycle promise@7.1.1~postuninstall: no script for postuninstall, continuing
290 silly lifecycle lodash.merge@4.6.0~postuninstall: no script for postuninstall, continuing
291 silly lifecycle then-request@2.2.0~postuninstall: no script for postuninstall, continuing
292 silly lifecycle readline-sync@1.4.5~postuninstall: no script for postuninstall, continuing
293 silly lifecycle sync-request@3.0.1~postuninstall: no script for postuninstall, continuing
294 verbose unbuild rmStuff uuid@3.0.0 from C:\Users\Alex\Documents\304CEM-Assignment\node_modules
295 silly gentlyRm C:\Users\Alex\Documents\304CEM-Assignment\node_modules\.bin\uuid.cmd is being gently removed from base C:\Users\Alex\Documents\304CEM-Assignment\node_modules\uuid
296 silly gentlyRm C:\Users\Alex\Documents\304CEM-Assignment\node_modules\asap is being purged from base C:\Users\Alex\Documents\304CEM-Assignment
297 verbose gentlyRm don't care about contents; nuking C:\Users\Alex\Documents\304CEM-Assignment\node_modules\asap
298 silly lifecycle dom-serializer@0.1.0~postuninstall: no script for postuninstall, continuing
299 silly gentlyRm C:\Users\Alex\Documents\304CEM-Assignment\node_modules\bcryptjs is being purged from base C:\Users\Alex\Documents\304CEM-Assignment
300 verbose gentlyRm don't care about contents; nuking C:\Users\Alex\Documents\304CEM-Assignment\node_modules\bcryptjs
301 silly gentlyRm C:\Users\Alex\Documents\304CEM-Assignment\node_modules\boolbase is being purged from base C:\Users\Alex\Documents\304CEM-Assignment
302 verbose gentlyRm don't care about contents; nuking C:\Users\Alex\Documents\304CEM-Assignment\node_modules\boolbase
303 silly gentlyRm C:\Users\Alex\Documents\304CEM-Assignment\node_modules\cheerio is being purged from base C:\Users\Alex\Documents\304CEM-Assignment
304 verbose gentlyRm don't care about contents; nuking C:\Users\Alex\Documents\304CEM-Assignment\node_modules\cheerio
305 silly gentlyRm C:\Users\Alex\Documents\304CEM-Assignment\node_modules\css-what is being purged from base C:\Users\Alex\Documents\304CEM-Assignment
306 verbose gentlyRm don't care about contents; nuking C:\Users\Alex\Documents\304CEM-Assignment\node_modules\css-what
307 silly gentlyRm C:\Users\Alex\Documents\304CEM-Assignment\node_modules\css-select is being purged from base C:\Users\Alex\Documents\304CEM-Assignment
308 verbose gentlyRm don't care about contents; nuking C:\Users\Alex\Documents\304CEM-Assignment\node_modules\css-select
309 silly gentlyRm C:\Users\Alex\Documents\304CEM-Assignment\node_modules\domutils is being purged from base C:\Users\Alex\Documents\304CEM-Assignment
310 verbose gentlyRm don't care about contents; nuking C:\Users\Alex\Documents\304CEM-Assignment\node_modules\domutils
311 silly gentlyRm C:\Users\Alex\Documents\304CEM-Assignment\node_modules\ejs is being purged from base C:\Users\Alex\Documents\304CEM-Assignment
312 verbose gentlyRm don't care about contents; nuking C:\Users\Alex\Documents\304CEM-Assignment\node_modules\ejs
313 silly gentlyRm C:\Users\Alex\Documents\304CEM-Assignment\node_modules\domelementtype is being purged from base C:\Users\Alex\Documents\304CEM-Assignment
314 verbose gentlyRm don't care about contents; nuking C:\Users\Alex\Documents\304CEM-Assignment\node_modules\domelementtype
315 silly gentlyRm C:\Users\Alex\Documents\304CEM-Assignment\node_modules\domhandler is being purged from base C:\Users\Alex\Documents\304CEM-Assignment
316 verbose gentlyRm don't care about contents; nuking C:\Users\Alex\Documents\304CEM-Assignment\node_modules\domhandler
317 silly gentlyRm C:\Users\Alex\Documents\304CEM-Assignment\node_modules\flow is being purged from base C:\Users\Alex\Documents\304CEM-Assignment
318 verbose gentlyRm don't care about contents; nuking C:\Users\Alex\Documents\304CEM-Assignment\node_modules\flow
319 silly gentlyRm C:\Users\Alex\Documents\304CEM-Assignment\node_modules\entities is being purged from base C:\Users\Alex\Documents\304CEM-Assignment
320 verbose gentlyRm don't care about contents; nuking C:\Users\Alex\Documents\304CEM-Assignment\node_modules\entities
321 silly gentlyRm C:\Users\Alex\Documents\304CEM-Assignment\node_modules\htmlparser2 is being purged from base C:\Users\Alex\Documents\304CEM-Assignment
322 verbose gentlyRm don't care about contents; nuking C:\Users\Alex\Documents\304CEM-Assignment\node_modules\htmlparser2
323 silly gentlyRm C:\Users\Alex\Documents\304CEM-Assignment\node_modules\lodash.assignin is being purged from base C:\Users\Alex\Documents\304CEM-Assignment
324 verbose gentlyRm don't care about contents; nuking C:\Users\Alex\Documents\304CEM-Assignment\node_modules\lodash.assignin
325 silly gentlyRm C:\Users\Alex\Documents\304CEM-Assignment\node_modules\http-response-object is being purged from base C:\Users\Alex\Documents\304CEM-Assignment
326 verbose gentlyRm don't care about contents; nuking C:\Users\Alex\Documents\304CEM-Assignment\node_modules\http-response-object
327 silly gentlyRm C:\Users\Alex\Documents\304CEM-Assignment\node_modules\lodash.defaults is being purged from base C:\Users\Alex\Documents\304CEM-Assignment
328 verbose gentlyRm don't care about contents; nuking C:\Users\Alex\Documents\304CEM-Assignment\node_modules\lodash.defaults
329 silly gentlyRm C:\Users\Alex\Documents\304CEM-Assignment\node_modules\lodash.filter is being purged from base C:\Users\Alex\Documents\304CEM-Assignment
330 verbose gentlyRm don't care about contents; nuking C:\Users\Alex\Documents\304CEM-Assignment\node_modules\lodash.filter
331 silly gentlyRm C:\Users\Alex\Documents\304CEM-Assignment\node_modules\lodash.flatten is being purged from base C:\Users\Alex\Documents\304CEM-Assignment
332 verbose gentlyRm don't care about contents; nuking C:\Users\Alex\Documents\304CEM-Assignment\node_modules\lodash.flatten
333 silly gentlyRm C:\Users\Alex\Documents\304CEM-Assignment\node_modules\http-basic is being purged from base C:\Users\Alex\Documents\304CEM-Assignment
334 verbose gentlyRm don't care about contents; nuking C:\Users\Alex\Documents\304CEM-Assignment\node_modules\http-basic
335 silly gentlyRm C:\Users\Alex\Documents\304CEM-Assignment\node_modules\lodash.bind is being purged from base C:\Users\Alex\Documents\304CEM-Assignment
336 verbose gentlyRm don't care about contents; nuking C:\Users\Alex\Documents\304CEM-Assignment\node_modules\lodash.bind
337 silly lifecycle git@0.1.5~postuninstall: no script for postuninstall, continuing
338 silly gentlyRm C:\Users\Alex\Documents\304CEM-Assignment\node_modules\lodash.foreach is being purged from base C:\Users\Alex\Documents\304CEM-Assignment
339 verbose gentlyRm don't care about contents; nuking C:\Users\Alex\Documents\304CEM-Assignment\node_modules\lodash.foreach
340 silly gentlyRm C:\Users\Alex\Documents\304CEM-Assignment\node_modules\lodash.reject is being purged from base C:\Users\Alex\Documents\304CEM-Assignment
341 verbose gentlyRm don't care about contents; nuking C:\Users\Alex\Documents\304CEM-Assignment\node_modules\lodash.reject
342 silly gentlyRm C:\Users\Alex\Documents\304CEM-Assignment\node_modules\lodash.pick is being purged from base C:\Users\Alex\Documents\304CEM-Assignment
343 verbose gentlyRm don't care about contents; nuking C:\Users\Alex\Documents\304CEM-Assignment\node_modules\lodash.pick
344 silly gentlyRm C:\Users\Alex\Documents\304CEM-Assignment\node_modules\lodash.reduce is being purged from base C:\Users\Alex\Documents\304CEM-Assignment
345 verbose gentlyRm don't care about contents; nuking C:\Users\Alex\Documents\304CEM-Assignment\node_modules\lodash.reduce
346 silly gentlyRm C:\Users\Alex\Documents\304CEM-Assignment\node_modules\lodash.some is being purged from base C:\Users\Alex\Documents\304CEM-Assignment
347 verbose gentlyRm don't care about contents; nuking C:\Users\Alex\Documents\304CEM-Assignment\node_modules\lodash.some
348 silly lifecycle node-persist@2.0.7~postuninstall: no script for postuninstall, continuing
349 silly gentlyRm C:\Users\Alex\Documents\304CEM-Assignment\node_modules\node is being purged from base C:\Users\Alex\Documents\304CEM-Assignment
350 verbose gentlyRm don't care about contents; nuking C:\Users\Alex\Documents\304CEM-Assignment\node_modules\node
351 silly gentlyRm C:\Users\Alex\Documents\304CEM-Assignment\node_modules\nth-check is being purged from base C:\Users\Alex\Documents\304CEM-Assignment
352 verbose gentlyRm don't care about contents; nuking C:\Users\Alex\Documents\304CEM-Assignment\node_modules\nth-check
353 silly gentlyRm C:\Users\Alex\Documents\304CEM-Assignment\node_modules\promise is being purged from base C:\Users\Alex\Documents\304CEM-Assignment
354 verbose gentlyRm don't care about contents; nuking C:\Users\Alex\Documents\304CEM-Assignment\node_modules\promise
355 silly gentlyRm C:\Users\Alex\Documents\304CEM-Assignment\node_modules\lodash.merge is being purged from base C:\Users\Alex\Documents\304CEM-Assignment
356 verbose gentlyRm don't care about contents; nuking C:\Users\Alex\Documents\304CEM-Assignment\node_modules\lodash.merge
357 silly gentlyRm C:\Users\Alex\Documents\304CEM-Assignment\node_modules\then-request is being purged from base C:\Users\Alex\Documents\304CEM-Assignment
358 verbose gentlyRm don't care about contents; nuking C:\Users\Alex\Documents\304CEM-Assignment\node_modules\then-request
359 silly gentlyRm C:\Users\Alex\Documents\304CEM-Assignment\node_modules\readline-sync is being purged from base C:\Users\Alex\Documents\304CEM-Assignment
360 verbose gentlyRm don't care about contents; nuking C:\Users\Alex\Documents\304CEM-Assignment\node_modules\readline-sync
361 silly gentlyRm C:\Users\Alex\Documents\304CEM-Assignment\node_modules\sync-request is being purged from base C:\Users\Alex\Documents\304CEM-Assignment
362 verbose gentlyRm don't care about contents; nuking C:\Users\Alex\Documents\304CEM-Assignment\node_modules\sync-request
363 silly vacuum-fs purging C:\Users\Alex\Documents\304CEM-Assignment\node_modules\asap
364 silly gentlyRm C:\Users\Alex\Documents\304CEM-Assignment\node_modules\dom-serializer is being purged from base C:\Users\Alex\Documents\304CEM-Assignment
365 verbose gentlyRm don't care about contents; nuking C:\Users\Alex\Documents\304CEM-Assignment\node_modules\dom-serializer
366 silly vacuum-fs purging C:\Users\Alex\Documents\304CEM-Assignment\node_modules\bcryptjs
367 silly vacuum-fs purging C:\Users\Alex\Documents\304CEM-Assignment\node_modules\boolbase
368 silly vacuum-fs purging C:\Users\Alex\Documents\304CEM-Assignment\node_modules\cheerio
369 silly vacuum-fs purging C:\Users\Alex\Documents\304CEM-Assignment\node_modules\css-what
370 silly vacuum-fs purging C:\Users\Alex\Documents\304CEM-Assignment\node_modules\css-select
371 silly vacuum-fs purging C:\Users\Alex\Documents\304CEM-Assignment\node_modules\domutils
372 silly vacuum-fs purging C:\Users\Alex\Documents\304CEM-Assignment\node_modules\ejs
373 silly vacuum-fs purging C:\Users\Alex\Documents\304CEM-Assignment\node_modules\domelementtype
374 silly vacuum-fs purging C:\Users\Alex\Documents\304CEM-Assignment\node_modules\domhandler
375 silly vacuum-fs purging C:\Users\Alex\Documents\304CEM-Assignment\node_modules\flow
376 silly vacuum-fs purging C:\Users\Alex\Documents\304CEM-Assignment\node_modules\entities
377 silly vacuum-fs purging C:\Users\Alex\Documents\304CEM-Assignment\node_modules\htmlparser2
378 silly vacuum-fs purging C:\Users\Alex\Documents\304CEM-Assignment\node_modules\lodash.assignin
379 silly vacuum-fs purging C:\Users\Alex\Documents\304CEM-Assignment\node_modules\http-response-object
380 silly vacuum-fs purging C:\Users\Alex\Documents\304CEM-Assignment\node_modules\lodash.defaults
381 silly vacuum-fs purging C:\Users\Alex\Documents\304CEM-Assignment\node_modules\lodash.filter
382 silly vacuum-fs purging C:\Users\Alex\Documents\304CEM-Assignment\node_modules\lodash.flatten
383 silly vacuum-fs purging C:\Users\Alex\Documents\304CEM-Assignment\node_modules\http-basic
384 silly vacuum-fs purging C:\Users\Alex\Documents\304CEM-Assignment\node_modules\lodash.bind
385 silly gentlyRm C:\Users\Alex\Documents\304CEM-Assignment\node_modules\git is being purged from base C:\Users\Alex\Documents\304CEM-Assignment
386 verbose gentlyRm don't care about contents; nuking C:\Users\Alex\Documents\304CEM-Assignment\node_modules\git
387 silly vacuum-fs purging C:\Users\Alex\Documents\304CEM-Assignment\node_modules\lodash.foreach
388 silly vacuum-fs purging C:\Users\Alex\Documents\304CEM-Assignment\node_modules\lodash.reject
389 silly vacuum-fs purging C:\Users\Alex\Documents\304CEM-Assignment\node_modules\lodash.pick
390 silly vacuum-fs purging C:\Users\Alex\Documents\304CEM-Assignment\node_modules\lodash.reduce
391 silly vacuum-fs purging C:\Users\Alex\Documents\304CEM-Assignment\node_modules\lodash.some
392 silly gentlyRm C:\Users\Alex\Documents\304CEM-Assignment\node_modules\node-persist is being purged from base C:\Users\Alex\Documents\304CEM-Assignment
393 verbose gentlyRm don't care about contents; nuking C:\Users\Alex\Documents\304CEM-Assignment\node_modules\node-persist
394 silly vacuum-fs purging C:\Users\Alex\Documents\304CEM-Assignment\node_modules\node
395 silly vacuum-fs purging C:\Users\Alex\Documents\304CEM-Assignment\node_modules\nth-check
396 silly vacuum-fs purging C:\Users\Alex\Documents\304CEM-Assignment\node_modules\promise
397 silly vacuum-fs purging C:\Users\Alex\Documents\304CEM-Assignment\node_modules\lodash.merge
398 silly vacuum-fs purging C:\Users\Alex\Documents\304CEM-Assignment\node_modules\then-request
399 silly vacuum-fs purging C:\Users\Alex\Documents\304CEM-Assignment\node_modules\readline-sync
400 silly vacuum-fs purging C:\Users\Alex\Documents\304CEM-Assignment\node_modules\sync-request
401 silly vacuum-fs purging C:\Users\Alex\Documents\304CEM-Assignment\node_modules\dom-serializer
402 silly vacuum-fs purging C:\Users\Alex\Documents\304CEM-Assignment\node_modules\git
403 silly vacuum-fs purging C:\Users\Alex\Documents\304CEM-Assignment\node_modules\node-persist
404 silly vacuum-fs quitting because other entries in C:\Users\Alex\Documents\304CEM-Assignment\node_modules
405 silly vacuum-fs quitting because other entries in C:\Users\Alex\Documents\304CEM-Assignment\node_modules
406 silly vacuum-fs quitting because other entries in C:\Users\Alex\Documents\304CEM-Assignment\node_modules
407 silly vacuum-fs quitting because other entries in C:\Users\Alex\Documents\304CEM-Assignment\node_modules
408 silly vacuum-fs quitting because other entries in C:\Users\Alex\Documents\304CEM-Assignment\node_modules
409 silly vacuum-fs quitting because other entries in C:\Users\Alex\Documents\304CEM-Assignment\node_modules
410 silly vacuum-fs quitting because other entries in C:\Users\Alex\Documents\304CEM-Assignment\node_modules
411 silly vacuum-fs quitting because other entries in C:\Users\Alex\Documents\304CEM-Assignment\node_modules
412 silly vacuum-fs quitting because other entries in C:\Users\Alex\Documents\304CEM-Assignment\node_modules
413 silly vacuum-fs quitting because other entries in C:\Users\Alex\Documents\304CEM-Assignment\node_modules
414 silly vacuum-fs quitting because other entries in C:\Users\Alex\Documents\304CEM-Assignment\node_modules
415 silly vacuum-fs quitting because other entries in C:\Users\Alex\Documents\304CEM-Assignment\node_modules
416 silly vacuum-fs quitting because other entries in C:\Users\Alex\Documents\304CEM-Assignment\node_modules
417 silly vacuum-fs quitting because other entries in C:\Users\Alex\Documents\304CEM-Assignment\node_modules
418 silly vacuum-fs quitting because other entries in C:\Users\Alex\Documents\304CEM-Assignment\node_modules
419 silly vacuum-fs quitting because other entries in C:\Users\Alex\Documents\304CEM-Assignment\node_modules
420 silly vacuum-fs quitting because other entries in C:\Users\Alex\Documents\304CEM-Assignment\node_modules
421 silly isEverInside C:\Users\Alex\Documents\304CEM-Assignment\node_modules\uuid is not inside C:\Users\Alex\AppData\Roaming\npm
422 silly vacuum-fs quitting because other entries in C:\Users\Alex\Documents\304CEM-Assignment\node_modules
423 silly vacuum-fs quitting because other entries in C:\Users\Alex\Documents\304CEM-Assignment\node_modules
424 silly vacuum-fs quitting because other entries in C:\Users\Alex\Documents\304CEM-Assignment\node_modules
425 silly vacuum-fs quitting because other entries in C:\Users\Alex\Documents\304CEM-Assignment\node_modules
426 silly vacuum-fs quitting because other entries in C:\Users\Alex\Documents\304CEM-Assignment\node_modules
427 silly vacuum-fs quitting because other entries in C:\Users\Alex\Documents\304CEM-Assignment\node_modules
428 silly vacuum-fs quitting because other entries in C:\Users\Alex\Documents\304CEM-Assignment\node_modules
429 silly vacuum-fs quitting because other entries in C:\Users\Alex\Documents\304CEM-Assignment\node_modules
430 silly vacuum-fs quitting because other entries in C:\Users\Alex\Documents\304CEM-Assignment\node_modules
431 silly vacuum-fs quitting because other entries in C:\Users\Alex\Documents\304CEM-Assignment\node_modules
432 silly vacuum-fs quitting because other entries in C:\Users\Alex\Documents\304CEM-Assignment\node_modules
433 silly vacuum-fs quitting because other entries in C:\Users\Alex\Documents\304CEM-Assignment\node_modules
434 silly vacuum-fs quitting because other entries in C:\Users\Alex\Documents\304CEM-Assignment\node_modules
435 silly vacuum-fs quitting because other entries in C:\Users\Alex\Documents\304CEM-Assignment\node_modules
436 silly vacuum-fs quitting because other entries in C:\Users\Alex\Documents\304CEM-Assignment\node_modules
437 silly isEverInside C:\Users\Alex\Documents\304CEM-Assignment\node_modules\.bin\uuid.cmd is not inside C:\Users\Alex\Documents\304CEM-Assignment\node_modules\uuid
438 silly isEverInside C:\Users\Alex\Documents\304CEM-Assignment\node_modules\node-uuid\bin\uuid is not inside C:\Users\Alex\Documents\304CEM-Assignment\node_modules\uuid
439 silly gentlyRm parent.path = C:\Users\Alex\Documents\304CEM-Assignment\node_modules\uuid
440 silly gentlyRm parent.managed = C:\Users\Alex\Documents\304CEM-Assignment\node_modules\uuid is in C:\Users\Alex\Documents\304CEM-Assignment
441 silly gentlyRm target.path =  C:\Users\Alex\Documents\304CEM-Assignment\node_modules\.bin\uuid.cmd
442 silly gentlyRm target.symlink = ..\node-uuid\bin\uuid
443 silly gentlyRm target.managed = C:\Users\Alex\Documents\304CEM-Assignment\node_modules\.bin\uuid.cmd is in C:\Users\Alex\Documents\304CEM-Assignment
444 silly gentlyRm target.inParent =  false
445 warn gentlyRm not removing C:\Users\Alex\Documents\304CEM-Assignment\node_modules\.bin\uuid.cmd as it wasn't installed by C:\Users\Alex\Documents\304CEM-Assignment\node_modules\uuid
446 silly gentlyRm C:\Users\Alex\Documents\304CEM-Assignment\node_modules\.bin\uuid is being gently removed from base C:\Users\Alex\Documents\304CEM-Assignment\node_modules\uuid
447 silly isEverInside C:\Users\Alex\Documents\304CEM-Assignment\node_modules\.bin\html.cmd is not inside C:\Users\Alex\Documents\304CEM-Assignment\node_modules\html
448 silly gentlyRm parent.path = C:\Users\Alex\Documents\304CEM-Assignment\node_modules\html
449 silly gentlyRm parent.managed = C:\Users\Alex\Documents\304CEM-Assignment\node_modules\html is in C:\Users\Alex\Documents\304CEM-Assignment
450 silly gentlyRm target.path =  C:\Users\Alex\Documents\304CEM-Assignment\node_modules\.bin\html.cmd
451 silly gentlyRm target.symlink = ..\html\bin\html.js
452 silly gentlyRm target.managed = C:\Users\Alex\Documents\304CEM-Assignment\node_modules\.bin\html.cmd is in C:\Users\Alex\Documents\304CEM-Assignment
453 silly gentlyRm target.inParent =  { target: 'C:\\Users\\Alex\\Documents\\304CEM-Assignment\\node_modules\\html\\bin\\html.js',
453 silly gentlyRm   path: 'C:\\Users\\Alex\\Documents\\304CEM-Assignment\\node_modules\\html' }
454 verbose gentlyRm Vacuuming C:\Users\Alex\Documents\304CEM-Assignment\node_modules\.bin\html.cmd up to C:\Users\Alex\Documents\304CEM-Assignment\node_modules\.bin
455 silly vacuum-fs quitting because other entries in C:\Users\Alex\Documents\304CEM-Assignment\node_modules
456 silly vacuum-fs removing C:\Users\Alex\Documents\304CEM-Assignment\node_modules\.bin\html.cmd
457 silly vacuum-fs finished vacuuming up to C:\Users\Alex\Documents\304CEM-Assignment\node_modules\.bin
458 silly gentlyRm C:\Users\Alex\Documents\304CEM-Assignment\node_modules\.bin\html is being gently removed from base C:\Users\Alex\Documents\304CEM-Assignment\node_modules\html
459 silly vacuum-fs quitting because other entries in C:\Users\Alex\Documents\304CEM-Assignment\node_modules
460 silly isEverInside C:\Users\Alex\Documents\304CEM-Assignment\node_modules\.bin\uuid is not inside C:\Users\Alex\Documents\304CEM-Assignment\node_modules\uuid
461 silly gentlyRm parent.path = C:\Users\Alex\Documents\304CEM-Assignment\node_modules\uuid
462 silly gentlyRm parent.managed = C:\Users\Alex\Documents\304CEM-Assignment\node_modules\uuid is in C:\Users\Alex\Documents\304CEM-Assignment
463 silly gentlyRm target.path =  C:\Users\Alex\Documents\304CEM-Assignment\node_modules\.bin\uuid
464 silly gentlyRm target.symlink = null
465 silly gentlyRm target.managed = C:\Users\Alex\Documents\304CEM-Assignment\node_modules\.bin\uuid is in C:\Users\Alex\Documents\304CEM-Assignment
466 silly gentlyRm target.inParent =  false
467 silly vacuum-fs quitting because other entries in C:\Users\Alex\Documents\304CEM-Assignment\node_modules
468 silly isEverInside C:\Users\Alex\Documents\304CEM-Assignment\node_modules\.bin\html is not inside C:\Users\Alex\Documents\304CEM-Assignment\node_modules\html
469 silly gentlyRm parent.path = C:\Users\Alex\Documents\304CEM-Assignment\node_modules\html
470 silly gentlyRm parent.managed = C:\Users\Alex\Documents\304CEM-Assignment\node_modules\html is in C:\Users\Alex\Documents\304CEM-Assignment
471 silly gentlyRm target.path =  C:\Users\Alex\Documents\304CEM-Assignment\node_modules\.bin\html
472 silly gentlyRm target.symlink = ../html/bin/html.js
473 silly gentlyRm target.managed = C:\Users\Alex\Documents\304CEM-Assignment\node_modules\.bin\html is in C:\Users\Alex\Documents\304CEM-Assignment
474 silly gentlyRm target.inParent =  { target: 'C:\\Users\\Alex\\Documents\\304CEM-Assignment\\node_modules\\html\\bin\\html.js',
474 silly gentlyRm   path: 'C:\\Users\\Alex\\Documents\\304CEM-Assignment\\node_modules\\html' }
475 verbose gentlyRm Vacuuming C:\Users\Alex\Documents\304CEM-Assignment\node_modules\.bin\html up to C:\Users\Alex\Documents\304CEM-Assignment\node_modules\.bin
476 silly vacuum-fs removing C:\Users\Alex\Documents\304CEM-Assignment\node_modules\.bin\html
477 silly vacuum-fs finished vacuuming up to C:\Users\Alex\Documents\304CEM-Assignment\node_modules\.bin
478 info lifecycle html@1.0.0~postuninstall: html@1.0.0
479 silly lifecycle html@1.0.0~postuninstall: no script for postuninstall, continuing
480 silly gentlyRm C:\Users\Alex\Documents\304CEM-Assignment\node_modules\html is being purged from base C:\Users\Alex\Documents\304CEM-Assignment
481 verbose gentlyRm don't care about contents; nuking C:\Users\Alex\Documents\304CEM-Assignment\node_modules\html
482 silly vacuum-fs purging C:\Users\Alex\Documents\304CEM-Assignment\node_modules\html
483 silly vacuum-fs quitting because other entries in C:\Users\Alex\Documents\304CEM-Assignment\node_modules
484 verbose stack Error: Refusing to delete C:\Users\Alex\Documents\304CEM-Assignment\node_modules\.bin\uuid: is outside C:\Users\Alex\Documents\304CEM-Assignment\node_modules\uuid and not a link
484 verbose stack     at clobberFail (C:\Users\Alex\AppData\Roaming\npm\node_modules\npm\lib\utils\gently-rm.js:162:12)
484 verbose stack     at isSafeToRm (C:\Users\Alex\AppData\Roaming\npm\node_modules\npm\lib\utils\gently-rm.js:155:15)
484 verbose stack     at C:\Users\Alex\AppData\Roaming\npm\node_modules\npm\lib\utils\gently-rm.js:93:5
484 verbose stack     at LOOP (C:\Users\Alex\AppData\Roaming\npm\node_modules\npm\node_modules\slide\lib\chain.js:7:26)
484 verbose stack     at C:\Users\Alex\AppData\Roaming\npm\node_modules\npm\node_modules\slide\lib\chain.js:18:7
484 verbose stack     at C:\Users\Alex\AppData\Roaming\npm\node_modules\npm\lib\utils\gently-rm.js:221:7
484 verbose stack     at C:\Users\Alex\AppData\Roaming\npm\node_modules\npm\node_modules\iferr\index.js:13:50
484 verbose stack     at _readAllLinks (C:\Users\Alex\AppData\Roaming\npm\node_modules\npm\lib\utils\gently-rm.js:256:28)
484 verbose stack     at C:\Users\Alex\AppData\Roaming\npm\node_modules\npm\node_modules\iferr\index.js:13:50
484 verbose stack     at resolveSymlink (C:\Users\Alex\AppData\Roaming\npm\node_modules\npm\lib\utils\gently-rm.js:267:22)
485 verbose cwd C:\Users\Alex\Documents\304CEM-Assignment
486 error Windows_NT 10.0.14393
487 error argv "C:\\Program Files\\nodejs\\node.exe" "C:\\Users\\Alex\\AppData\\Roaming\\npm\\node_modules\\npm\\bin\\npm-cli.js" "prune"
488 error node v6.7.0
489 error npm  v4.0.2
490 error path C:\Users\Alex\Documents\304CEM-Assignment\node_modules\.bin\uuid
491 error code EEXIST
492 error Refusing to delete C:\Users\Alex\Documents\304CEM-Assignment\node_modules\.bin\uuid: is outside C:\Users\Alex\Documents\304CEM-Assignment\node_modules\uuid and not a link
493 error File exists: C:\Users\Alex\Documents\304CEM-Assignment\node_modules\.bin\uuid
494 error Move it away, and try again.
495 verbose exit [ 1, true ]
