0 info it worked if it ends with ok
1 verbose cli [ 'C:\\Program Files\\nodejs\\node.exe',
1 verbose cli   'C:\\Users\\Alex\\AppData\\Roaming\\npm\\node_modules\\npm\\bin\\npm-cli.js',
1 verbose cli   'run',
1 verbose cli   'eslint' ]
2 info using npm@4.0.2
3 info using node@v6.7.0
4 verbose run-script [ 'preeslint', 'eslint', 'posteslint' ]
5 info lifecycle 304cem-assignment@1.0.0~preeslint: 304cem-assignment@1.0.0
6 silly lifecycle 304cem-assignment@1.0.0~preeslint: no script for preeslint, continuing
7 info lifecycle 304cem-assignment@1.0.0~eslint: 304cem-assignment@1.0.0
8 verbose lifecycle 304cem-assignment@1.0.0~eslint: unsafe-perm in lifecycle true
9 verbose lifecycle 304cem-assignment@1.0.0~eslint: PATH: C:\Users\Alex\AppData\Roaming\npm\node_modules\npm\bin\node-gyp-bin;C:\Users\Alex\Documents\304CEM-Assignment\node_modules\.bin;C:\Users\Alex\bin;C:\Program Files (x86)\Git\mingw32\bin;C:\Program Files (x86)\Git\usr\local\bin;C:\Program Files (x86)\Git\usr\bin;C:\Program Files (x86)\Git\usr\bin;C:\Program Files (x86)\Git\mingw32\bin;C:\Program Files (x86)\Git\usr\bin;C:\Users\Alex\bin;C:\ProgramData\Oracle\Java\javapath;C:\Python27;C:\Python27\Scripts;C:\Windows\system32;C:\Windows;C:\Windows\System32\Wbem;C:\Windows\System32\WindowsPowerShell\v1.0;C:\Program Files (x86)\NVIDIA Corporation\PhysX\Common;C:\WINDOWS\system32;C:\WINDOWS;C:\WINDOWS\System32\Wbem;C:\WINDOWS\System32\WindowsPowerShell\v1.0;C:\Program Files\Microsoft SQL Server\110\Tools\Binn;C:\Program Files\FileBot;C:\Program Files (x86)\Brackets\command;C:\Program Files\nodejs;C:\Program Files\Git\cmd;C:\Program Files (x86)\Heroku\bin;C:\Program Files (x86)\git\cmd;C:\Program Files (x86)\Git\cmd;%USERPROFILE%\.dnx\bin;C:\Program Files\Microsoft DNX\Dnvm;C:\Program Files\Microsoft SQL Server\130\Tools\Binn;C:\Program Files (x86)\Skype\Phone;C:\Users\Alex\AppData\Roaming\Python\Scripts;C:\Program Files (x86)\Google\google_appengine;C:\Users\Alex\AppData\Local\Microsoft\WindowsApps;C:\Users\Alex\AppData\Roaming\npm;C:\Users\Alex\AppData\Local\atom\bin;C:\MediacenterJS\bin\ffmpeg;C:\Program Files (x86)\Microsoft VS Code\bin;C:\Program Files (x86)\Git\usr\bin\vendor_perl;C:\Program Files (x86)\Git\usr\bin\core_perl
10 verbose lifecycle 304cem-assignment@1.0.0~eslint: CWD: C:\Users\Alex\Documents\304CEM-Assignment
11 silly lifecycle 304cem-assignment@1.0.0~eslint: Args: [ '/d /s /c', 'eslint . -o out/eslint.html -f html --fix' ]
12 silly lifecycle 304cem-assignment@1.0.0~eslint: Returned: code: 1  signal: null
13 info lifecycle 304cem-assignment@1.0.0~eslint: Failed to exec eslint script
14 verbose stack Error: 304cem-assignment@1.0.0 eslint: `eslint . -o out/eslint.html -f html --fix`
14 verbose stack Exit status 1
14 verbose stack     at EventEmitter.<anonymous> (C:\Users\Alex\AppData\Roaming\npm\node_modules\npm\lib\utils\lifecycle.js:279:16)
14 verbose stack     at emitTwo (events.js:106:13)
14 verbose stack     at EventEmitter.emit (events.js:191:7)
14 verbose stack     at ChildProcess.<anonymous> (C:\Users\Alex\AppData\Roaming\npm\node_modules\npm\lib\utils\spawn.js:40:14)
14 verbose stack     at emitTwo (events.js:106:13)
14 verbose stack     at ChildProcess.emit (events.js:191:7)
14 verbose stack     at maybeClose (internal/child_process.js:877:16)
14 verbose stack     at Process.ChildProcess._handle.onexit (internal/child_process.js:226:5)
15 verbose pkgid 304cem-assignment@1.0.0
16 verbose cwd C:\Users\Alex\Documents\304CEM-Assignment\spec
17 error Windows_NT 10.0.14393
18 error argv "C:\\Program Files\\nodejs\\node.exe" "C:\\Users\\Alex\\AppData\\Roaming\\npm\\node_modules\\npm\\bin\\npm-cli.js" "run" "eslint"
19 error node v6.7.0
20 error npm  v4.0.2
21 error code ELIFECYCLE
22 error 304cem-assignment@1.0.0 eslint: `eslint . -o out/eslint.html -f html --fix`
22 error Exit status 1
23 error Failed at the 304cem-assignment@1.0.0 eslint script 'eslint . -o out/eslint.html -f html --fix'.
23 error Make sure you have the latest version of node.js and npm installed.
23 error If you do, this is most likely a problem with the 304cem-assignment package,
23 error not with npm itself.
23 error Tell the author that this fails on your system:
23 error     eslint . -o out/eslint.html -f html --fix
23 error You can get information on how to open an issue for this project with:
23 error     npm bugs 304cem-assignment
23 error Or if that isn't available, you can get their info via:
23 error     npm owner ls 304cem-assignment
23 error There is likely additional logging output above.
24 verbose exit [ 1, true ]
